<?xml version="1.0" encoding="UTF-8"?>
<!-- Generated by org.testng.reporters.JUnitXMLReporter -->
<testsuite hostname="ARC3" name="Default test" tests="18" failures="0" timestamp="29 Nov 2016 19:41:13 GMT" time="92.858" errors="0">
  <testcase name="@BeforeMethod beforeMethod" time="0.0" classname="automationFramework.TestNG">
    <failure type="org.openqa.selenium.WebDriverException" message="Failed to connect to binary FirefoxBinary(C:\Program Files\Mozilla Firefox\firefox.exe) on port 7055; process output follows: 
2,&amp;quot;sourceURI&amp;quot;:null,&amp;quot;releaseNotesURI&amp;quot;:null,&amp;quot;softDisabled&amp;quot;:false,&amp;quot;foreignInstall&amp;quot;:false,&amp;quot;hasBinaryComponents&amp;quot;:false,&amp;quot;strictCompatibility&amp;quot;:true,&amp;quot;locales&amp;quot;:[],&amp;quot;targetApplications&amp;quot;:[{&amp;quot;id&amp;quot;:&amp;quot;{ec8030f7-c20a-464f-9b0e-13a3a9e97384}&amp;quot;,&amp;quot;minVersion&amp;quot;:&amp;quot;45.0.2&amp;quot;,&amp;quot;maxVersion&amp;quot;:&amp;quot;45.0.2&amp;quot;}],&amp;quot;targetPlatforms&amp;quot;:[],&amp;quot;seen&amp;quot;:true}
1480448428679	addons.xpi	DEBUG	getModTime: Recursive scan of {972ce4c6-7e08-4474-a285-3208198ce6fd}
1480448428680	addons.xpi	DEBUG	Updating XPIState for {&amp;quot;id&amp;quot;:&amp;quot;{C1A2A613-35F1-4FCF-B27F-2840527B6556}&amp;quot;,&amp;quot;syncGUID&amp;quot;:&amp;quot;J0h64xVwd4qn&amp;quot;,&amp;quot;location&amp;quot;:&amp;quot;winreg-app-global&amp;quot;,&amp;quot;version&amp;quot;:&amp;quot;2016.8.1.8&amp;quot;,&amp;quot;type&amp;quot;:&amp;quot;extension&amp;quot;,&amp;quot;internalName&amp;quot;:null,&amp;quot;updateURL&amp;quot;:null,&amp;quot;updateKey&amp;quot;:null,&amp;quot;optionsURL&amp;quot;:null,&amp;quot;optionsType&amp;quot;:null,&amp;quot;aboutURL&amp;quot;:null,&amp;quot;icons&amp;quot;:{&amp;quot;32&amp;quot;:&amp;quot;icon.png&amp;quot;,&amp;quot;48&amp;quot;:&amp;quot;icon.png&amp;quot;},&amp;quot;iconURL&amp;quot;:null,&amp;quot;icon64URL&amp;quot;:null,&amp;quot;defaultLocale&amp;quot;:{&amp;quot;name&amp;quot;:&amp;quot;Norton Security Toolbar&amp;quot;,&amp;quot;description&amp;quot;:&amp;quot;Norton Safe Search and Safe Web warn you of dangerous sites when you search, shop or browse online.&amp;quot;,&amp;quot;creator&amp;quot;:&amp;quot;Symantec Corporation&amp;quot;,&amp;quot;homepageURL&amp;quot;:null},&amp;quot;visible&amp;quot;:true,&amp;quot;active&amp;quot;:false,&amp;quot;userDisabled&amp;quot;:true,&amp;quot;appDisabled&amp;quot;:false,&amp;quot;descriptor&amp;quot;:&amp;quot;C:\\ProgramData\\Norton\\{0C55C096-0F1D-4F28-AAA2-85EF591126E7}\\N360_22.5.2.15\\coFFAddon&amp;quot;,&amp;quot;installDate&amp;quot;:1480446312559,&amp;quot;updateDate&amp;quot;:1480446312559,&amp;quot;applyBackgroundUpdates&amp;quot;:1,&amp;quot;bootstrap&amp;quot;:true,&amp;quot;skinnable&amp;quot;:false,&amp;quot;size&amp;quot;:2192004,&amp;quot;sourceURI&amp;quot;:null,&amp;quot;releaseNotesURI&amp;quot;:null,&amp;quot;softDisabled&amp;quot;:false,&amp;quot;foreignInstall&amp;quot;:true,&amp;quot;hasBinaryComponents&amp;quot;:false,&amp;quot;strictCompatibility&amp;quot;:false,&amp;quot;locales&amp;quot;:[],&amp;quot;targetApplications&amp;quot;:[{&amp;quot;id&amp;quot;:&amp;quot;{ec8030f7-c20a-464f-9b0e-13a3a9e97384}&amp;quot;,&amp;quot;minVersion&amp;quot;:&amp;quot;38.0a1&amp;quot;,&amp;quot;maxVersion&amp;quot;:&amp;quot;*&amp;quot;}],&amp;quot;targetPlatforms&amp;quot;:[],&amp;quot;multiprocessCompatible&amp;quot;:false,&amp;quot;signedState&amp;quot;:2,&amp;quot;seen&amp;quot;:true}
1480448428681	DeferredSave.extensions.json	DEBUG	Save changes
1480448428681	addons.xpi	DEBUG	Updating database with changes to installed add-ons
1480448428681	addons.xpi-utils	DEBUG	Updating add-on states
1480448428682	addons.xpi-utils	DEBUG	Writing add-ons list
1480448428690	addons.xpi	DEBUG	Registering manifest for C:\Program Files\Mozilla Firefox\browser\features\loop@mozilla.org.xpi
1480448428762	addons.xpi	DEBUG	Calling bootstrap method startup on loop@mozilla.org version 1.1.14
1480448428783	addons.manager	DEBUG	Starting provider: &amp;lt;unnamed-provider&amp;gt;
1480448428783	addons.manager	DEBUG	Registering shutdown blocker for &amp;lt;unnamed-provider&amp;gt;
1480448428783	addons.manager	DEBUG	Provider finished startup: &amp;lt;unnamed-provider&amp;gt;
1480448428803	addons.manager	DEBUG	Registering shutdown blocker for XPIProvider
1480448428804	addons.manager	DEBUG	Provider finished startup: XPIProvider
1480448428804	addons.manager	DEBUG	Starting provider: LightweightThemeManager
1480448428804	addons.manager	DEBUG	Registering shutdown blocker for LightweightThemeManager
1480448428804	addons.manager	DEBUG	Provider finished startup: LightweightThemeManager
1480448428805	addons.manager	DEBUG	Starting provider: GMPProvider
1480448428814	addons.manager	DEBUG	Registering shutdown blocker for GMPProvider
1480448428815	addons.manager	DEBUG	Provider finished startup: GMPProvider
1480448428815	addons.manager	DEBUG	Starting provider: PluginProvider
1480448428815	addons.manager	DEBUG	Registering shutdown blocker for PluginProvider
1480448428815	addons.manager	DEBUG	Provider finished startup: PluginProvider
1480448428816	addons.manager	DEBUG	Completed startup sequence
1480448436830	DeferredSave.extensions.json	DEBUG	Starting timer
1480448438121	DeferredSave.extensions.json	DEBUG	Starting write
1480448438238	addons.repository	DEBUG	No addons.json found.
1480448438239	DeferredSave.addons.json	DEBUG	Save changes
1480448438338	DeferredSave.addons.json	DEBUG	Starting timer
1480448441528	addons.manager	DEBUG	Starting provider: PreviousExperimentProvider
1480448441529	addons.manager	DEBUG	Registering shutdown blocker for PreviousExperimentProvider
1480448441529	addons.manager	DEBUG	Provider finished startup: PreviousExperimentProvider
1480448441540	DeferredSave.addons.json	DEBUG	Starting write
1480448441665	DeferredSave.extensions.json	DEBUG	Write succeeded
1480448442414	DeferredSave.addons.json	DEBUG	Write succeeded

Build info: version: &amp;apos;2.53.0&amp;apos;, revision: &amp;apos;35ae25b&amp;apos;, time: &amp;apos;2016-03-15 16:57:40&amp;apos;
System info: host: &amp;apos;ARC3&amp;apos;, ip: &amp;apos;192.168.2.5&amp;apos;, os.name: &amp;apos;Windows 7&amp;apos;, os.arch: &amp;apos;x86&amp;apos;, os.version: &amp;apos;6.1&amp;apos;, java.version: &amp;apos;1.8.0_73&amp;apos;
Driver info: driver.version: FirefoxDriver">
      <![CDATA[org.openqa.selenium.WebDriverException: Failed to connect to binary FirefoxBinary(C:\Program Files\Mozilla Firefox\firefox.exe) on port 7055; process output follows: 
2,"sourceURI":null,"releaseNotesURI":null,"softDisabled":false,"foreignInstall":false,"hasBinaryComponents":false,"strictCompatibility":true,"locales":[],"targetApplications":[{"id":"{ec8030f7-c20a-464f-9b0e-13a3a9e97384}","minVersion":"45.0.2","maxVersion":"45.0.2"}],"targetPlatforms":[],"seen":true}
1480448428679	addons.xpi	DEBUG	getModTime: Recursive scan of {972ce4c6-7e08-4474-a285-3208198ce6fd}
1480448428680	addons.xpi	DEBUG	Updating XPIState for {"id":"{C1A2A613-35F1-4FCF-B27F-2840527B6556}","syncGUID":"J0h64xVwd4qn","location":"winreg-app-global","version":"2016.8.1.8","type":"extension","internalName":null,"updateURL":null,"updateKey":null,"optionsURL":null,"optionsType":null,"aboutURL":null,"icons":{"32":"icon.png","48":"icon.png"},"iconURL":null,"icon64URL":null,"defaultLocale":{"name":"Norton Security Toolbar","description":"Norton Safe Search and Safe Web warn you of dangerous sites when you search, shop or browse online.","creator":"Symantec Corporation","homepageURL":null},"visible":true,"active":false,"userDisabled":true,"appDisabled":false,"descriptor":"C:\\ProgramData\\Norton\\{0C55C096-0F1D-4F28-AAA2-85EF591126E7}\\N360_22.5.2.15\\coFFAddon","installDate":1480446312559,"updateDate":1480446312559,"applyBackgroundUpdates":1,"bootstrap":true,"skinnable":false,"size":2192004,"sourceURI":null,"releaseNotesURI":null,"softDisabled":false,"foreignInstall":true,"hasBinaryComponents":false,"strictCompatibility":false,"locales":[],"targetApplications":[{"id":"{ec8030f7-c20a-464f-9b0e-13a3a9e97384}","minVersion":"38.0a1","maxVersion":"*"}],"targetPlatforms":[],"multiprocessCompatible":false,"signedState":2,"seen":true}
1480448428681	DeferredSave.extensions.json	DEBUG	Save changes
1480448428681	addons.xpi	DEBUG	Updating database with changes to installed add-ons
1480448428681	addons.xpi-utils	DEBUG	Updating add-on states
1480448428682	addons.xpi-utils	DEBUG	Writing add-ons list
1480448428690	addons.xpi	DEBUG	Registering manifest for C:\Program Files\Mozilla Firefox\browser\features\loop@mozilla.org.xpi
1480448428762	addons.xpi	DEBUG	Calling bootstrap method startup on loop@mozilla.org version 1.1.14
1480448428783	addons.manager	DEBUG	Starting provider: <unnamed-provider>
1480448428783	addons.manager	DEBUG	Registering shutdown blocker for <unnamed-provider>
1480448428783	addons.manager	DEBUG	Provider finished startup: <unnamed-provider>
1480448428803	addons.manager	DEBUG	Registering shutdown blocker for XPIProvider
1480448428804	addons.manager	DEBUG	Provider finished startup: XPIProvider
1480448428804	addons.manager	DEBUG	Starting provider: LightweightThemeManager
1480448428804	addons.manager	DEBUG	Registering shutdown blocker for LightweightThemeManager
1480448428804	addons.manager	DEBUG	Provider finished startup: LightweightThemeManager
1480448428805	addons.manager	DEBUG	Starting provider: GMPProvider
1480448428814	addons.manager	DEBUG	Registering shutdown blocker for GMPProvider
1480448428815	addons.manager	DEBUG	Provider finished startup: GMPProvider
1480448428815	addons.manager	DEBUG	Starting provider: PluginProvider
1480448428815	addons.manager	DEBUG	Registering shutdown blocker for PluginProvider
1480448428815	addons.manager	DEBUG	Provider finished startup: PluginProvider
1480448428816	addons.manager	DEBUG	Completed startup sequence
1480448436830	DeferredSave.extensions.json	DEBUG	Starting timer
1480448438121	DeferredSave.extensions.json	DEBUG	Starting write
1480448438238	addons.repository	DEBUG	No addons.json found.
1480448438239	DeferredSave.addons.json	DEBUG	Save changes
1480448438338	DeferredSave.addons.json	DEBUG	Starting timer
1480448441528	addons.manager	DEBUG	Starting provider: PreviousExperimentProvider
1480448441529	addons.manager	DEBUG	Registering shutdown blocker for PreviousExperimentProvider
1480448441529	addons.manager	DEBUG	Provider finished startup: PreviousExperimentProvider
1480448441540	DeferredSave.addons.json	DEBUG	Starting write
1480448441665	DeferredSave.extensions.json	DEBUG	Write succeeded
1480448442414	DeferredSave.addons.json	DEBUG	Write succeeded

Build info: version: '2.53.0', revision: '35ae25b', time: '2016-03-15 16:57:40'
System info: host: 'ARC3', ip: '192.168.2.5', os.name: 'Windows 7', os.arch: 'x86', os.version: '6.1', java.version: '1.8.0_73'
Driver info: driver.version: FirefoxDriver
	at org.openqa.selenium.firefox.internal.NewProfileExtensionConnection.start(NewProfileExtensionConnection.java:124)
	at org.openqa.selenium.firefox.FirefoxDriver.startClient(FirefoxDriver.java:271)
	at org.openqa.selenium.remote.RemoteWebDriver.<init>(RemoteWebDriver.java:119)
	at org.openqa.selenium.firefox.FirefoxDriver.<init>(FirefoxDriver.java:218)
	at org.openqa.selenium.firefox.FirefoxDriver.<init>(FirefoxDriver.java:211)
	at org.openqa.selenium.firefox.FirefoxDriver.<init>(FirefoxDriver.java:207)
	at org.openqa.selenium.firefox.FirefoxDriver.<init>(FirefoxDriver.java:120)
	at automationFramework.TestNG.beforeMethod(TestNG.java:461)
	at sun.reflect.NativeMethodAccessorImpl.invoke0(Native Method)
	at sun.reflect.NativeMethodAccessorImpl.invoke(NativeMethodAccessorImpl.java:62)
	at sun.reflect.DelegatingMethodAccessorImpl.invoke(DelegatingMethodAccessorImpl.java:43)
	at java.lang.reflect.Method.invoke(Method.java:497)
	at org.testng.internal.MethodInvocationHelper.invokeMethod(MethodInvocationHelper.java:85)
	at org.testng.internal.Invoker.invokeConfigurationMethod(Invoker.java:510)
	at org.testng.internal.Invoker.invokeConfigurations(Invoker.java:211)
	at org.testng.internal.Invoker.invokeMethod(Invoker.java:585)
	at org.testng.internal.Invoker.invokeTestMethod(Invoker.java:816)
	at org.testng.internal.Invoker.invokeTestMethods(Invoker.java:1124)
	at org.testng.internal.TestMethodWorker.invokeTestMethods(TestMethodWorker.java:125)
	at org.testng.internal.TestMethodWorker.run(TestMethodWorker.java:108)
	at org.testng.TestRunner.privateRun(TestRunner.java:774)
	at org.testng.TestRunner.run(TestRunner.java:624)
	at org.testng.SuiteRunner.runTest(SuiteRunner.java:359)
	at org.testng.SuiteRunner.runSequentially(SuiteRunner.java:354)
	at org.testng.SuiteRunner.privateRun(SuiteRunner.java:312)
	at org.testng.SuiteRunner.run(SuiteRunner.java:261)
	at org.testng.SuiteRunnerWorker.runSuite(SuiteRunnerWorker.java:52)
	at org.testng.SuiteRunnerWorker.run(SuiteRunnerWorker.java:86)
	at org.testng.TestNG.runSuitesSequentially(TestNG.java:1215)
	at org.testng.TestNG.runSuitesLocally(TestNG.java:1140)
	at org.testng.TestNG.run(TestNG.java:1048)
	at org.testng.remote.AbstractRemoteTestNG.run(AbstractRemoteTestNG.java:126)
	at org.testng.remote.RemoteTestNG.initAndRun(RemoteTestNG.java:137)
	at org.testng.remote.RemoteTestNG.main(RemoteTestNG.java:58)
Caused by: org.openqa.selenium.firefox.NotConnectedException: Unable to connect to host 127.0.0.1 on port 7055 after 45000 ms. Firefox console output:
2,"sourceURI":null,"releaseNotesURI":null,"softDisabled":false,"foreignInstall":false,"hasBinaryComponents":false,"strictCompatibility":true,"locales":[],"targetApplications":[{"id":"{ec8030f7-c20a-464f-9b0e-13a3a9e97384}","minVersion":"45.0.2","maxVersion":"45.0.2"}],"targetPlatforms":[],"seen":true}
1480448428679	addons.xpi	DEBUG	getModTime: Recursive scan of {972ce4c6-7e08-4474-a285-3208198ce6fd}
1480448428680	addons.xpi	DEBUG	Updating XPIState for {"id":"{C1A2A613-35F1-4FCF-B27F-2840527B6556}","syncGUID":"J0h64xVwd4qn","location":"winreg-app-global","version":"2016.8.1.8","type":"extension","internalName":null,"updateURL":null,"updateKey":null,"optionsURL":null,"optionsType":null,"aboutURL":null,"icons":{"32":"icon.png","48":"icon.png"},"iconURL":null,"icon64URL":null,"defaultLocale":{"name":"Norton Security Toolbar","description":"Norton Safe Search and Safe Web warn you of dangerous sites when you search, shop or browse online.","creator":"Symantec Corporation","homepageURL":null},"visible":true,"active":false,"userDisabled":true,"appDisabled":false,"descriptor":"C:\\ProgramData\\Norton\\{0C55C096-0F1D-4F28-AAA2-85EF591126E7}\\N360_22.5.2.15\\coFFAddon","installDate":1480446312559,"updateDate":1480446312559,"applyBackgroundUpdates":1,"bootstrap":true,"skinnable":false,"size":2192004,"sourceURI":null,"releaseNotesURI":null,"softDisabled":false,"foreignInstall":true,"hasBinaryComponents":false,"strictCompatibility":false,"locales":[],"targetApplications":[{"id":"{ec8030f7-c20a-464f-9b0e-13a3a9e97384}","minVersion":"38.0a1","maxVersion":"*"}],"targetPlatforms":[],"multiprocessCompatible":false,"signedState":2,"seen":true}
1480448428681	DeferredSave.extensions.json	DEBUG	Save changes
1480448428681	addons.xpi	DEBUG	Updating database with changes to installed add-ons
1480448428681	addons.xpi-utils	DEBUG	Updating add-on states
1480448428682	addons.xpi-utils	DEBUG	Writing add-ons list
1480448428690	addons.xpi	DEBUG	Registering manifest for C:\Program Files\Mozilla Firefox\browser\features\loop@mozilla.org.xpi
1480448428762	addons.xpi	DEBUG	Calling bootstrap method startup on loop@mozilla.org version 1.1.14
1480448428783	addons.manager	DEBUG	Starting provider: <unnamed-provider>
1480448428783	addons.manager	DEBUG	Registering shutdown blocker for <unnamed-provider>
1480448428783	addons.manager	DEBUG	Provider finished startup: <unnamed-provider>
1480448428803	addons.manager	DEBUG	Registering shutdown blocker for XPIProvider
1480448428804	addons.manager	DEBUG	Provider finished startup: XPIProvider
1480448428804	addons.manager	DEBUG	Starting provider: LightweightThemeManager
1480448428804	addons.manager	DEBUG	Registering shutdown blocker for LightweightThemeManager
1480448428804	addons.manager	DEBUG	Provider finished startup: LightweightThemeManager
1480448428805	addons.manager	DEBUG	Starting provider: GMPProvider
1480448428814	addons.manager	DEBUG	Registering shutdown blocker for GMPProvider
1480448428815	addons.manager	DEBUG	Provider finished startup: GMPProvider
1480448428815	addons.manager	DEBUG	Starting provider: PluginProvider
1480448428815	addons.manager	DEBUG	Registering shutdown blocker for PluginProvider
1480448428815	addons.manager	DEBUG	Provider finished startup: PluginProvider
1480448428816	addons.manager	DEBUG	Completed startup sequence
1480448436830	DeferredSave.extensions.json	DEBUG	Starting timer
1480448438121	DeferredSave.extensions.json	DEBUG	Starting write
1480448438238	addons.repository	DEBUG	No addons.json found.
1480448438239	DeferredSave.addons.json	DEBUG	Save changes
1480448438338	DeferredSave.addons.json	DEBUG	Starting timer
1480448441528	addons.manager	DEBUG	Starting provider: PreviousExperimentProvider
1480448441529	addons.manager	DEBUG	Registering shutdown blocker for PreviousExperimentProvider
1480448441529	addons.manager	DEBUG	Provider finished startup: PreviousExperimentProvider
1480448441540	DeferredSave.addons.json	DEBUG	Starting write
1480448441665	DeferredSave.extensions.json	DEBUG	Write succeeded
1480448442414	DeferredSave.addons.json	DEBUG	Write succeeded

	at org.openqa.selenium.firefox.internal.NewProfileExtensionConnection.start(NewProfileExtensionConnection.java:112)
	... 33 more
]]>
    </failure>
  </testcase> <!-- @BeforeMethod beforeMethod -->
  <testcase name="@AfterMethod afterMethod" time="0.0" classname="automationFramework.TestNG">
    <skipped/>
  </testcase> <!-- @AfterMethod afterMethod -->
  <testcase name="@BeforeMethod beforeMethod" time="0.0" classname="automationFramework.TestNG">
    <skipped/>
  </testcase> <!-- @BeforeMethod beforeMethod -->
  <testcase name="@AfterMethod afterMethod" time="0.0" classname="automationFramework.TestNG">
    <skipped/>
  </testcase> <!-- @AfterMethod afterMethod -->
  <testcase name="@BeforeMethod beforeMethod" time="0.0" classname="automationFramework.TestNG">
    <skipped/>
  </testcase> <!-- @BeforeMethod beforeMethod -->
  <testcase name="@AfterMethod afterMethod" time="0.0" classname="automationFramework.TestNG">
    <skipped/>
  </testcase> <!-- @AfterMethod afterMethod -->
  <testcase name="@BeforeMethod beforeMethod" time="0.0" classname="automationFramework.TestNG">
    <skipped/>
  </testcase> <!-- @BeforeMethod beforeMethod -->
  <testcase name="@AfterMethod afterMethod" time="0.0" classname="automationFramework.TestNG">
    <skipped/>
  </testcase> <!-- @AfterMethod afterMethod -->
  <testcase name="@BeforeMethod beforeMethod" time="0.0" classname="automationFramework.TestNG">
    <skipped/>
  </testcase> <!-- @BeforeMethod beforeMethod -->
  <testcase name="@AfterMethod afterMethod" time="0.0" classname="automationFramework.TestNG">
    <skipped/>
  </testcase> <!-- @AfterMethod afterMethod -->
  <testcase name="@BeforeMethod beforeMethod" time="0.0" classname="automationFramework.TestNG">
    <skipped/>
  </testcase> <!-- @BeforeMethod beforeMethod -->
  <testcase name="@AfterMethod afterMethod" time="0.0" classname="automationFramework.TestNG">
    <skipped/>
  </testcase> <!-- @AfterMethod afterMethod -->
  <testcase name="@BeforeMethod beforeMethod" time="0.0" classname="automationFramework.TestNG">
    <skipped/>
  </testcase> <!-- @BeforeMethod beforeMethod -->
  <testcase name="@AfterMethod afterMethod" time="0.0" classname="automationFramework.TestNG">
    <skipped/>
  </testcase> <!-- @AfterMethod afterMethod -->
  <testcase name="@BeforeMethod beforeMethod" time="0.0" classname="automationFramework.TestNG">
    <skipped/>
  </testcase> <!-- @BeforeMethod beforeMethod -->
  <testcase name="@AfterMethod afterMethod" time="0.0" classname="automationFramework.TestNG">
    <skipped/>
  </testcase> <!-- @AfterMethod afterMethod -->
  <testcase name="@BeforeMethod beforeMethod" time="0.0" classname="automationFramework.TestNG">
    <skipped/>
  </testcase> <!-- @BeforeMethod beforeMethod -->
  <testcase name="@AfterMethod afterMethod" time="0.0" classname="automationFramework.TestNG">
    <skipped/>
  </testcase> <!-- @AfterMethod afterMethod -->
  <testcase name="@BeforeMethod beforeMethod" time="0.0" classname="automationFramework.TestNG">
    <skipped/>
  </testcase> <!-- @BeforeMethod beforeMethod -->
  <testcase name="@AfterMethod afterMethod" time="0.0" classname="automationFramework.TestNG">
    <skipped/>
  </testcase> <!-- @AfterMethod afterMethod -->
  <testcase name="@BeforeMethod beforeMethod" time="0.0" classname="automationFramework.TestNG">
    <skipped/>
  </testcase> <!-- @BeforeMethod beforeMethod -->
  <testcase name="@AfterMethod afterMethod" time="0.0" classname="automationFramework.TestNG">
    <skipped/>
  </testcase> <!-- @AfterMethod afterMethod -->
  <testcase name="@BeforeMethod beforeMethod" time="0.0" classname="automationFramework.TestNG">
    <skipped/>
  </testcase> <!-- @BeforeMethod beforeMethod -->
  <testcase name="@AfterMethod afterMethod" time="0.0" classname="automationFramework.TestNG">
    <skipped/>
  </testcase> <!-- @AfterMethod afterMethod -->
  <testcase name="@BeforeMethod beforeMethod" time="0.0" classname="automationFramework.TestNG">
    <skipped/>
  </testcase> <!-- @BeforeMethod beforeMethod -->
  <testcase name="@AfterMethod afterMethod" time="0.0" classname="automationFramework.TestNG">
    <skipped/>
  </testcase> <!-- @AfterMethod afterMethod -->
  <testcase name="@BeforeMethod beforeMethod" time="0.0" classname="automationFramework.TestNG">
    <skipped/>
  </testcase> <!-- @BeforeMethod beforeMethod -->
  <testcase name="@AfterMethod afterMethod" time="0.0" classname="automationFramework.TestNG">
    <skipped/>
  </testcase> <!-- @AfterMethod afterMethod -->
  <testcase name="@BeforeMethod beforeMethod" time="0.0" classname="automationFramework.TestNG">
    <skipped/>
  </testcase> <!-- @BeforeMethod beforeMethod -->
  <testcase name="@AfterMethod afterMethod" time="0.0" classname="automationFramework.TestNG">
    <skipped/>
  </testcase> <!-- @AfterMethod afterMethod -->
  <testcase name="@BeforeMethod beforeMethod" time="0.0" classname="automationFramework.TestNG">
    <skipped/>
  </testcase> <!-- @BeforeMethod beforeMethod -->
  <testcase name="@AfterMethod afterMethod" time="0.0" classname="automationFramework.TestNG">
    <skipped/>
  </testcase> <!-- @AfterMethod afterMethod -->
  <testcase name="@BeforeMethod beforeMethod" time="0.0" classname="automationFramework.TestNG">
    <skipped/>
  </testcase> <!-- @BeforeMethod beforeMethod -->
  <testcase name="@AfterMethod afterMethod" time="0.0" classname="automationFramework.TestNG">
    <skipped/>
  </testcase> <!-- @AfterMethod afterMethod -->
  <testcase name="@BeforeMethod beforeMethod" time="0.0" classname="automationFramework.TestNG">
    <skipped/>
  </testcase> <!-- @BeforeMethod beforeMethod -->
  <testcase name="@AfterMethod afterMethod" time="0.0" classname="automationFramework.TestNG">
    <skipped/>
  </testcase> <!-- @AfterMethod afterMethod -->
  <testcase name="animatedFilm" time="0.002" classname="automationFramework.TestNG">
    <skipped/>
  </testcase> <!-- animatedFilm -->
  <testcase name="button" time="0.001" classname="automationFramework.TestNG">
    <skipped/>
  </testcase> <!-- button -->
  <testcase name="castCrew" time="0.002" classname="automationFramework.TestNG">
    <skipped/>
  </testcase> <!-- castCrew -->
  <testcase name="clickLogo" time="0.002" classname="automationFramework.TestNG">
    <skipped/>
  </testcase> <!-- clickLogo -->
  <testcase name="communityItems" time="0.001" classname="automationFramework.TestNG">
    <skipped/>
  </testcase> <!-- communityItems -->
  <testcase name="featured" time="0.002" classname="automationFramework.TestNG">
    <skipped/>
  </testcase> <!-- featured -->
  <testcase name="festivals" time="0.001" classname="automationFramework.TestNG">
    <skipped/>
  </testcase> <!-- festivals -->
  <testcase name="genres" time="0.001" classname="automationFramework.TestNG">
    <skipped/>
  </testcase> <!-- genres -->
  <testcase name="genresNeg" time="0.001" classname="automationFramework.TestNG">
    <skipped/>
  </testcase> <!-- genresNeg -->
  <testcase name="joinUs" time="0.001" classname="automationFramework.TestNG">
    <skipped/>
  </testcase> <!-- joinUs -->
  <testcase name="loginPage" time="0.001" classname="automationFramework.TestNG">
    <skipped/>
  </testcase> <!-- loginPage -->
  <testcase name="main" time="0.001" classname="automationFramework.TestNG">
    <skipped/>
  </testcase> <!-- main -->
  <testcase name="newReleases" time="0.001" classname="automationFramework.TestNG">
    <skipped/>
  </testcase> <!-- newReleases -->
  <testcase name="playButton" time="0.001" classname="automationFramework.TestNG">
    <skipped/>
  </testcase> <!-- playButton -->
  <testcase name="readMore" time="0.0" classname="automationFramework.TestNG">
    <skipped/>
  </testcase> <!-- readMore -->
  <testcase name="related" time="0.001" classname="automationFramework.TestNG">
    <skipped/>
  </testcase> <!-- related -->
  <testcase name="signupPage" time="0.006" classname="automationFramework.TestNG">
    <skipped/>
  </testcase> <!-- signupPage -->
  <testcase name="trailerButton" time="0.002" classname="automationFramework.TestNG">
    <skipped/>
  </testcase> <!-- trailerButton -->
</testsuite> <!-- Default test -->
